<?xml version="1.0" encoding="UTF-8"?>
<testng-results ignored="0" total="1" passed="1" failed="0" skipped="0">
  <reporter-output>
  </reporter-output>
  <suite started-at="2021-04-17T22:12:30Z" name="Default suite" finished-at="2021-04-17T22:12:50Z" duration-ms="19190">
    <groups>
    </groups>
    <test started-at="2021-04-17T22:12:30Z" name="Default test" finished-at="2021-04-17T22:12:50Z" duration-ms="19190">
      <class name="Test.RegistrationTest">
        <test-method is-config="true" signature="beforeMethod()[pri:0, instance:Test.RegistrationTest@31fa1761]" started-at="2021-04-17T22:12:31Z" name="beforeMethod" finished-at="2021-04-17T22:12:45Z" duration-ms="14589" status="PASS">
          <reporter-output>
          </reporter-output>
        </test-method> <!-- beforeMethod -->
        <test-method signature="registerTest(java.lang.String, java.lang.String, java.lang.String, java.lang.String, java.lang.String, java.lang.String, java.lang.String)[pri:0, instance:Test.RegistrationTest@31fa1761]" started-at="2021-04-17T22:12:45Z" name="registerTest" data-provider="getData" finished-at="2021-04-17T22:12:50Z" duration-ms="4468" status="PASS">
          <params>
            <param index="0">
              <value>
                <![CDATA[Tester]]>
              </value>
            </param>
            <param index="1">
              <value>
                <![CDATA[user]]>
              </value>
            </param>
            <param index="2">
              <value>
                <![CDATA[testeruser@gmail.com]]>
              </value>
            </param>
            <param index="3">
              <value>
                <![CDATA[am12345678]]>
              </value>
            </param>
            <param index="4">
              <value>
                <![CDATA[31]]>
              </value>
            </param>
            <param index="5">
              <value>
                <![CDATA[Jan]]>
              </value>
            </param>
            <param index="6">
              <value>
                <![CDATA[1993]]>
              </value>
            </param>
          </params>
          <reporter-output>
          </reporter-output>
        </test-method> <!-- registerTest -->
        <test-method is-config="true" signature="afterMethod()[pri:0, instance:Test.RegistrationTest@31fa1761]" started-at="2021-04-17T22:12:50Z" name="afterMethod" finished-at="2021-04-17T22:12:50Z" duration-ms="1" status="PASS">
          <reporter-output>
          </reporter-output>
        </test-method> <!-- afterMethod -->
      </class> <!-- Test.RegistrationTest -->
    </test> <!-- Default test -->
  </suite> <!-- Default suite -->
</testng-results>
